<?xml version="1.0" encoding="UTF-8"?>
<testsuite name="FizzbuzzTest" tests="4" skipped="0" failures="0" errors="0" timestamp="2014-11-11T20:30:57" hostname="Davids-MacBook-Pro.local" time="0.007">
  <properties/>
  <testcase name="returnsBuzzWhenFive" classname="FizzbuzzTest" time="0.006"/>
  <testcase name="returnsFizzWhenThree" classname="FizzbuzzTest" time="0.0"/>
  <testcase name="returnsTwoWhenTwo" classname="FizzbuzzTest" time="0.0"/>
  <testcase name="returnsFizzBuzzWhenFifteen" classname="FizzbuzzTest" time="0.0"/>
  <system-out><![CDATA[]]></system-out>
  <system-err><![CDATA[]]></system-err>
</testsuite>
